2023-09-04 14:17:21:139  [TID 12592   ][INFO      ] Default Logger initialized [dmvcframework]
2023-09-04 14:17:21:139  [TID 12592   ][INFO      ] ENTER: Config default values [dmvcframework]
2023-09-04 14:17:21:139  [TID 12592   ][INFO      ] EXIT: Config default values [dmvcframework]
2023-09-04 14:17:21:139  [TID 12592   ][INFO      ] >> Custom configuration method [dmvcframework]
2023-09-04 14:17:21:139  [TID 12592   ][INFO      ] << Custom configuration method [dmvcframework]
2023-09-04 14:17:21:140  [TID 12592   ][ERROR     ] [EMVCConfigException] ConnectionDefName "internet_bookstore" not found in config file "C:\Users\Nathan\Desktop\Training Programs\Coding\Internet Bookstore\Bin\Win32\Debug\FDConnectionDefs.ini" - or config file not present [PathInfo "GET /api/login"] (Custom message: "") [dmvcframework]
2023-09-04 14:17:21:150  [TID 12592   ][ERROR     ] [EMVCJWTException] Authorization Required [PathInfo "GET /api/books"] (Custom message: "") [dmvcframework]
2023-09-04 14:18:21:998  [TID 19616   ][ERROR     ] [EFDException] [FireDAC][Stan][Def]-254. Definition [internet_bookstore] is not found in [C:\Users\Nathan\Desktop\Training Programs\Coding\Internet Bookstore\Bin\Win32\Debug\FDConnectionDefs.ini] [PathInfo "GET /api/books"] (Custom message: "Global Action Exception Handler") [dmvcframework]
2023-09-04 14:19:33:700  [TID 13720   ][ERROR     ] [EFDException] [FireDAC][Stan][Def]-254. Definition [internet_bookstore] is not found in [C:\Users\Nathan\Desktop\Training Programs\Coding\Internet Bookstore\Bin\Win32\Debug\FDConnectionDefs.ini] [PathInfo "GET /api/books"] (Custom message: "Global Action Exception Handler") [dmvcframework]
2023-09-04 14:20:30:985  [TID 16660   ][ERROR     ] [EFDException] [FireDAC][Stan][Def]-254. Definition [internet_bookstore] is not found in [C:\Users\Nathan\Desktop\Training Programs\Coding\Internet Bookstore\Bin\Win32\Debug\FDConnectionDefs.ini] [PathInfo "GET /api/books"] (Custom message: "Global Action Exception Handler") [dmvcframework]
2023-09-04 14:22:13:397  [TID 13248   ][ERROR     ] [EFDException] [FireDAC][Stan][Def]-254. Definition [internet_bookstore] is not found in [C:\Users\Nathan\Desktop\Training Programs\Coding\Internet Bookstore\Bin\Win32\Debug\FDConnectionDefs.ini] [PathInfo "GET /api/books"] (Custom message: "Global Action Exception Handler") [dmvcframework]
2023-09-04 14:23:28:821  [TID 13248   ][ERROR     ] [EFDException] [FireDAC][Stan][Def]-254. Definition [internet_bookstore] is not found in [C:\Users\Nathan\Desktop\Training Programs\Coding\Internet Bookstore\Bin\Win32\Debug\FDConnectionDefs.ini] [PathInfo "GET /api/books"] (Custom message: "Global Action Exception Handler") [dmvcframework]
2023-09-04 14:24:25:538  [TID 17700   ][INFO      ] Default Logger initialized [dmvcframework]
2023-09-04 14:24:25:538  [TID 17700   ][INFO      ] ENTER: Config default values [dmvcframework]
2023-09-04 14:24:25:538  [TID 17700   ][INFO      ] EXIT: Config default values [dmvcframework]
2023-09-04 14:24:25:538  [TID 17700   ][INFO      ] >> Custom configuration method [dmvcframework]
2023-09-04 14:24:25:538  [TID 17700   ][INFO      ] << Custom configuration method [dmvcframework]
2023-09-04 14:24:25:648  [TID 17700   ][INFO      ] GET:/api/books [0:0:0:0:0:0:0:1] -> BookController.TBookController.GetAllBooks - 200 OK [dmvcframework]
2023-09-04 14:24:55:008  [TID 11416   ][INFO      ] GET:/api/books [0:0:0:0:0:0:0:1] -> BookController.TBookController.GetAllBooks - 200 OK [dmvcframework]
2023-09-04 14:24:56:935  [TID 11416   ][ERROR     ] [EMVCJWTException] Authorization Forbidden [PathInfo "POST /api/customer_reviews"] (Custom message: "") [dmvcframework]
2023-09-04 14:25:03:645  [TID 11416   ][ERROR     ] [EMVCActiveRecordNotFound] No data found [PathInfo "POST /api/customer_reviews"] (Custom message: "") [dmvcframework]
2023-09-04 14:25:17:352  [TID 16064   ][INFO      ] POST:/api/customer_reviews/validate [0:0:0:0:0:0:0:1] -> CustomerReviewController.TCustomerReviewController.ValidateReview - 200 OK [dmvcframework]
2023-09-04 14:25:18:584  [TID 16064   ][INFO      ] POST:/api/customer_reviews [0:0:0:0:0:0:0:1] -> CustomerReviewController.TCustomerReviewController.CreateCustomerReview - 201 Created [dmvcframework]
2023-09-04 14:36:30:912  [TID 1412    ][INFO      ] GET:/api/books [0:0:0:0:0:0:0:1] -> BookController.TBookController.GetAllBooks - 200 OK [dmvcframework]
2023-09-04 14:36:33:854  [TID 1412    ][ERROR     ] [EMVCJWTException] Authorization Forbidden [PathInfo "POST /api/customer_reviews"] (Custom message: "") [dmvcframework]
2023-09-04 14:36:39:279  [TID 1412    ][ERROR     ] [EMVCActiveRecordNotFound] No data found [PathInfo "POST /api/customer_reviews"] (Custom message: "") [dmvcframework]
2023-09-04 14:36:46:927  [TID 9800    ][INFO      ] POST:/api/customer_reviews/validate [0:0:0:0:0:0:0:1] -> CustomerReviewController.TCustomerReviewController.ValidateReview - 400 Bad Request [dmvcframework]
2023-09-04 14:36:52:262  [TID 9800    ][INFO      ] POST:/api/customer_reviews/validate [0:0:0:0:0:0:0:1] -> CustomerReviewController.TCustomerReviewController.ValidateReview - 400 Bad Request [dmvcframework]
2023-09-04 14:36:55:190  [TID 9800    ][INFO      ] POST:/api/customer_reviews/validate [0:0:0:0:0:0:0:1] -> CustomerReviewController.TCustomerReviewController.ValidateReview - 200 OK [dmvcframework]
2023-09-04 14:36:56:121  [TID 9800    ][INFO      ] POST:/api/customer_reviews [0:0:0:0:0:0:0:1] -> CustomerReviewController.TCustomerReviewController.CreateCustomerReview - 201 Created [dmvcframework]
2023-09-04 15:33:56:065  [TID 13776   ][INFO      ] Default Logger initialized [dmvcframework]
2023-09-04 15:33:56:065  [TID 13776   ][INFO      ] ENTER: Config default values [dmvcframework]
2023-09-04 15:33:56:065  [TID 13776   ][INFO      ] EXIT: Config default values [dmvcframework]
2023-09-04 15:33:56:065  [TID 13776   ][INFO      ] >> Custom configuration method [dmvcframework]
2023-09-04 15:33:56:065  [TID 13776   ][INFO      ] << Custom configuration method [dmvcframework]
2023-09-04 15:33:56:132  [TID 13776   ][INFO      ] GET:/api/books [0:0:0:0:0:0:0:1] -> BookController.TBookController.GetAllBooks - 200 OK [dmvcframework]
2023-09-04 15:33:58:372  [TID 13776   ][ERROR     ] [EMVCJWTException] Authorization Forbidden [PathInfo "POST /api/customer_reviews"] (Custom message: "") [dmvcframework]
2023-09-04 15:34:04:491  [TID 13776   ][ERROR     ] [EMVCActiveRecordNotFound] No data found [PathInfo "POST /api/customer_reviews"] (Custom message: "") [dmvcframework]
2023-09-04 15:34:11:477  [TID 18296   ][INFO      ] POST:/api/customer_reviews/validate [0:0:0:0:0:0:0:1] -> CustomerReviewController.TCustomerReviewController.ValidateReview - 200 OK [dmvcframework]
2023-09-04 15:34:11:833  [TID 18296   ][INFO      ] POST:/api/customer_reviews [0:0:0:0:0:0:0:1] -> CustomerReviewController.TCustomerReviewController.CreateCustomerReview - 201 Created [dmvcframework]
2023-09-04 16:18:23:005  [TID 15776   ][INFO      ] Default Logger initialized [dmvcframework]
2023-09-04 16:18:23:005  [TID 15776   ][INFO      ] ENTER: Config default values [dmvcframework]
2023-09-04 16:18:23:005  [TID 15776   ][INFO      ] EXIT: Config default values [dmvcframework]
2023-09-04 16:18:23:005  [TID 15776   ][INFO      ] >> Custom configuration method [dmvcframework]
2023-09-04 16:18:23:005  [TID 15776   ][INFO      ] << Custom configuration method [dmvcframework]
2023-09-04 16:18:23:105  [TID 15776   ][INFO      ] GET:/api/books [0:0:0:0:0:0:0:1] -> BookController.TBookController.GetAllBooks - 200 OK [dmvcframework]
2023-09-04 18:19:09:668  [TID 8520    ][INFO      ] Default Logger initialized [dmvcframework]
2023-09-04 18:19:09:668  [TID 8520    ][INFO      ] ENTER: Config default values [dmvcframework]
2023-09-04 18:19:09:668  [TID 8520    ][INFO      ] EXIT: Config default values [dmvcframework]
2023-09-04 18:19:09:668  [TID 8520    ][INFO      ] >> Custom configuration method [dmvcframework]
2023-09-04 18:19:09:668  [TID 8520    ][INFO      ] << Custom configuration method [dmvcframework]
2023-09-04 18:19:09:743  [TID 8520    ][INFO      ] GET:/api/books [0:0:0:0:0:0:0:1] -> BookController.TBookController.GetAllBooks - 200 OK [dmvcframework]
2023-09-04 18:19:55:717  [TID 9576    ][INFO      ] GET:/api/books [0:0:0:0:0:0:0:1] -> BookController.TBookController.GetAllBooks - 200 OK [dmvcframework]
2023-09-04 18:19:59:269  [TID 9576    ][ERROR     ] [EMVCJWTException] Authorization Forbidden [PathInfo "POST /api/customer_reviews"] (Custom message: "") [dmvcframework]
2023-09-04 18:20:05:879  [TID 9576    ][ERROR     ] [EMVCActiveRecordNotFound] No data found [PathInfo "POST /api/customer_reviews"] (Custom message: "") [dmvcframework]
2023-09-04 18:20:12:853  [TID 20420   ][INFO      ] POST:/api/customer_reviews/validate [0:0:0:0:0:0:0:1] -> CustomerReviewController.TCustomerReviewController.ValidateReview - 200 OK [dmvcframework]
2023-09-04 18:20:13:508  [TID 20420   ][INFO      ] POST:/api/customer_reviews [0:0:0:0:0:0:0:1] -> CustomerReviewController.TCustomerReviewController.CreateCustomerReview - 201 Created [dmvcframework]
2023-09-04 21:55:12:007  [TID 16520   ][INFO      ] Default Logger initialized [dmvcframework]
2023-09-04 21:55:12:007  [TID 16520   ][INFO      ] ENTER: Config default values [dmvcframework]
2023-09-04 21:55:12:007  [TID 16520   ][INFO      ] EXIT: Config default values [dmvcframework]
2023-09-04 21:55:12:007  [TID 16520   ][INFO      ] >> Custom configuration method [dmvcframework]
2023-09-04 21:55:12:007  [TID 16520   ][INFO      ] << Custom configuration method [dmvcframework]
2023-09-04 21:55:12:085  [TID 16520   ][INFO      ] GET:/api/books [0:0:0:0:0:0:0:1] -> BookController.TBookController.GetAllBooks - 200 OK [dmvcframework]
2023-09-04 21:55:14:446  [TID 16520   ][ERROR     ] [EMVCJWTException] Authorization Forbidden [PathInfo "POST /api/customer_reviews"] (Custom message: "") [dmvcframework]
2023-09-04 21:55:20:322  [TID 16520   ][ERROR     ] [EMVCActiveRecordNotFound] No data found [PathInfo "POST /api/customer_reviews"] (Custom message: "") [dmvcframework]
2023-09-04 21:55:26:400  [TID 10120   ][INFO      ] POST:/api/customer_reviews/validate [0:0:0:0:0:0:0:1] -> CustomerReviewController.TCustomerReviewController.ValidateReview - 200 OK [dmvcframework]
2023-09-04 21:55:26:901  [TID 10120   ][INFO      ] POST:/api/customer_reviews [0:0:0:0:0:0:0:1] -> CustomerReviewController.TCustomerReviewController.CreateCustomerReview - 201 Created [dmvcframework]
2023-09-05 00:13:12:247  [TID 14388   ][INFO      ] GET:/api/books [0:0:0:0:0:0:0:1] -> BookController.TBookController.GetAllBooks - 200 OK [dmvcframework]
2023-09-05 00:13:14:413  [TID 14388   ][ERROR     ] [EMVCJWTException] Authorization Forbidden [PathInfo "POST /api/customer_reviews"] (Custom message: "") [dmvcframework]
2023-09-05 00:13:52:098  [TID 3116    ][INFO      ] GET:/api/books [0:0:0:0:0:0:0:1] -> BookController.TBookController.GetAllBooks - 200 OK [dmvcframework]
2023-09-05 00:13:54:138  [TID 3116    ][ERROR     ] [EMVCJWTException] Authorization Forbidden [PathInfo "POST /api/customer_reviews"] (Custom message: "") [dmvcframework]
2023-09-05 00:13:59:949  [TID 3116    ][ERROR     ] [EMVCActiveRecordNotFound] No data found [PathInfo "POST /api/customer_reviews"] (Custom message: "") [dmvcframework]
2023-09-05 00:15:33:231  [TID 10132   ][INFO      ] GET:/api/books [0:0:0:0:0:0:0:1] -> BookController.TBookController.GetAllBooks - 200 OK [dmvcframework]
2023-09-05 00:15:35:390  [TID 10132   ][ERROR     ] [EMVCJWTException] Authorization Forbidden [PathInfo "POST /api/customer_reviews"] (Custom message: "") [dmvcframework]
2023-09-05 00:15:44:657  [TID 10132   ][ERROR     ] [EMVCActiveRecordNotFound] No data found [PathInfo "POST /api/customer_reviews"] (Custom message: "") [dmvcframework]
2023-09-05 00:18:15:838  [TID 5392    ][INFO      ] GET:/api/books [0:0:0:0:0:0:0:1] -> BookController.TBookController.GetAllBooks - 200 OK [dmvcframework]
2023-09-05 00:18:18:139  [TID 5392    ][ERROR     ] [EMVCJWTException] Authorization Forbidden [PathInfo "POST /api/customer_reviews"] (Custom message: "") [dmvcframework]
2023-09-05 00:18:20:556  [TID 5392    ][ERROR     ] [EMVCJWTException] Authorization Forbidden [PathInfo "POST /api/customer_reviews"] (Custom message: "") [dmvcframework]
2023-09-05 00:19:01:771  [TID 10832   ][INFO      ] GET:/api/books [0:0:0:0:0:0:0:1] -> BookController.TBookController.GetAllBooks - 200 OK [dmvcframework]
2023-09-05 00:19:03:978  [TID 10832   ][ERROR     ] [EMVCJWTException] Authorization Forbidden [PathInfo "POST /api/customer_reviews"] (Custom message: "") [dmvcframework]
2023-09-05 00:19:10:431  [TID 10832   ][ERROR     ] [EMVCActiveRecordNotFound] No data found [PathInfo "POST /api/customer_reviews"] (Custom message: "") [dmvcframework]
2023-09-05 00:20:06:931  [TID 12688   ][INFO      ] GET:/api/books [0:0:0:0:0:0:0:1] -> BookController.TBookController.GetAllBooks - 200 OK [dmvcframework]
2023-09-05 00:20:08:834  [TID 12688   ][ERROR     ] [EMVCJWTException] Authorization Forbidden [PathInfo "POST /api/customer_reviews"] (Custom message: "") [dmvcframework]
2023-09-05 00:20:13:837  [TID 12688   ][ERROR     ] [EMVCActiveRecordNotFound] No data found [PathInfo "POST /api/customer_reviews"] (Custom message: "") [dmvcframework]
2023-09-05 02:02:14:819  [TID 1136    ][INFO      ] Default Logger initialized [dmvcframework]
2023-09-05 02:02:14:819  [TID 1136    ][INFO      ] ENTER: Config default values [dmvcframework]
2023-09-05 02:02:14:819  [TID 1136    ][INFO      ] EXIT: Config default values [dmvcframework]
2023-09-05 02:02:14:819  [TID 1136    ][INFO      ] >> Custom configuration method [dmvcframework]
2023-09-05 02:02:14:819  [TID 1136    ][INFO      ] << Custom configuration method [dmvcframework]
2023-09-05 02:02:14:882  [TID 1136    ][INFO      ] GET:/api/books [0:0:0:0:0:0:0:1] -> BookController.TBookController.GetAllBooks - 200 OK [dmvcframework]
2023-09-05 02:02:26:766  [TID 1136    ][ERROR     ] [EMVCJWTException] Authorization Forbidden [PathInfo "POST /api/customer_reviews"] (Custom message: "") [dmvcframework]
2023-09-05 02:02:33:674  [TID 1136    ][ERROR     ] [EMVCActiveRecordNotFound] No data found [PathInfo "POST /api/customer_reviews"] (Custom message: "") [dmvcframework]
2023-09-05 02:02:41:912  [TID 13416   ][INFO      ] POST:/api/customer_reviews/validate [0:0:0:0:0:0:0:1] -> CustomerReviewController.TCustomerReviewController.ValidateReview - 200 OK [dmvcframework]
2023-09-05 02:02:42:477  [TID 13416   ][INFO      ] POST:/api/customer_reviews [0:0:0:0:0:0:0:1] -> CustomerReviewController.TCustomerReviewController.CreateCustomerReview - 201 Created [dmvcframework]
2023-09-05 02:02:44:801  [TID 13416   ][ERROR     ] [EMVCActiveRecordNotFound] No data found [PathInfo "POST /api/customer_reviews"] (Custom message: "") [dmvcframework]
2023-09-05 02:02:46:324  [TID 2876    ][INFO      ] POST:/api/customer_reviews/validate [0:0:0:0:0:0:0:1] -> CustomerReviewController.TCustomerReviewController.ValidateReview - 400 Bad Request [dmvcframework]
2023-09-05 02:02:49:019  [TID 2876    ][INFO      ] POST:/api/customer_reviews/validate [0:0:0:0:0:0:0:1] -> CustomerReviewController.TCustomerReviewController.ValidateReview - 400 Bad Request [dmvcframework]
2023-09-05 02:02:51:492  [TID 2876    ][INFO      ] POST:/api/customer_reviews/validate [0:0:0:0:0:0:0:1] -> CustomerReviewController.TCustomerReviewController.ValidateReview - 400 Bad Request [dmvcframework]
2023-09-05 02:02:54:432  [TID 2876    ][INFO      ] POST:/api/customer_reviews/validate [0:0:0:0:0:0:0:1] -> CustomerReviewController.TCustomerReviewController.ValidateReview - 200 OK [dmvcframework]
2023-09-05 08:12:48:214  [TID 16848   ][INFO      ] Default Logger initialized [dmvcframework]
2023-09-05 08:12:48:214  [TID 16848   ][INFO      ] ENTER: Config default values [dmvcframework]
2023-09-05 08:12:48:214  [TID 16848   ][INFO      ] EXIT: Config default values [dmvcframework]
2023-09-05 08:12:48:214  [TID 16848   ][INFO      ] >> Custom configuration method [dmvcframework]
2023-09-05 08:12:48:214  [TID 16848   ][INFO      ] << Custom configuration method [dmvcframework]
2023-09-05 08:12:48:286  [TID 16848   ][INFO      ] GET:/api/books [0:0:0:0:0:0:0:1] -> BookController.TBookController.GetAllBooks - 200 OK [dmvcframework]
2023-09-05 08:12:50:969  [TID 16848   ][ERROR     ] [EMVCJWTException] Authorization Forbidden [PathInfo "POST /api/customer_reviews"] (Custom message: "") [dmvcframework]
2023-09-05 08:12:58:825  [TID 16848   ][ERROR     ] [EMVCActiveRecordNotFound] No data found [PathInfo "POST /api/customer_reviews"] (Custom message: "") [dmvcframework]
2023-09-05 08:13:04:706  [TID 12440   ][INFO      ] POST:/api/customer_reviews/validate [0:0:0:0:0:0:0:1] -> CustomerReviewController.TCustomerReviewController.ValidateReview - 200 OK [dmvcframework]
2023-09-05 08:13:05:557  [TID 12440   ][INFO      ] POST:/api/customer_reviews [0:0:0:0:0:0:0:1] -> CustomerReviewController.TCustomerReviewController.CreateCustomerReview - 201 Created [dmvcframework]
2023-09-05 08:13:07:200  [TID 12440   ][ERROR     ] [EMVCActiveRecordNotFound] No data found [PathInfo "POST /api/customer_reviews"] (Custom message: "") [dmvcframework]
2023-09-05 08:13:12:002  [TID 1560    ][INFO      ] POST:/api/customer_reviews/validate [0:0:0:0:0:0:0:1] -> CustomerReviewController.TCustomerReviewController.ValidateReview - 400 Bad Request [dmvcframework]
2023-09-05 08:13:20:752  [TID 1560    ][INFO      ] POST:/api/customer_reviews/validate [0:0:0:0:0:0:0:1] -> CustomerReviewController.TCustomerReviewController.ValidateReview - 400 Bad Request [dmvcframework]
